2004.06.29 11:11 B D:\Compendium-Port\Compendium-Release\Skins\Claret\argument.gif --> summit.open.ac.uk /web/ftp/pub/compendium/Skins/Claret argument.gif
2004.06.29 11:11 B D:\Compendium-Port\Compendium-Release\Skins\Claret\argument_sm.gif --> summit.open.ac.uk /web/ftp/pub/compendium/Skins/Claret argument_sm.gif
2004.06.29 11:11 B D:\Compendium-Port\Compendium-Release\Skins\Claret\decision.gif --> summit.open.ac.uk /web/ftp/pub/compendium/Skins/Claret decision.gif
2004.06.29 11:11 B D:\Compendium-Port\Compendium-Release\Skins\Claret\decision_sm.gif --> summit.open.ac.uk /web/ftp/pub/compendium/Skins/Claret decision_sm.gif
2004.06.29 11:11 B D:\Compendium-Port\Compendium-Release\Skins\Claret\issue.gif --> summit.open.ac.uk /web/ftp/pub/compendium/Skins/Claret issue.gif
2004.06.29 11:11 B D:\Compendium-Port\Compendium-Release\Skins\Claret\issue_sm.gif --> summit.open.ac.uk /web/ftp/pub/compendium/Skins/Claret issue_sm.gif
2004.06.29 11:11 B D:\Compendium-Port\Compendium-Release\Skins\Claret\list.gif --> summit.open.ac.uk /web/ftp/pub/compendium/Skins/Claret list.gif
2004.06.29 11:11 B D:\Compendium-Port\Compendium-Release\Skins\Claret\list_sm.gif --> summit.open.ac.uk /web/ftp/pub/compendium/Skins/Claret list_sm.gif
2004.06.29 11:11 B D:\Compendium-Port\Compendium-Release\Skins\Claret\map.gif --> summit.open.ac.uk /web/ftp/pub/compendium/Skins/Claret map.gif
2004.06.29 11:11 B D:\Compendium-Port\Compendium-Release\Skins\Claret\map_sm.gif --> summit.open.ac.uk /web/ftp/pub/compendium/Skins/Claret map_sm.gif
2004.06.29 11:11 B D:\Compendium-Port\Compendium-Release\Skins\Claret\minus.gif --> summit.open.ac.uk /web/ftp/pub/compendium/Skins/Claret minus.gif
2004.06.29 11:11 B D:\Compendium-Port\Compendium-Release\Skins\Claret\minus_sm.gif --> summit.open.ac.uk /web/ftp/pub/compendium/Skins/Claret minus_sm.gif
2004.06.29 11:11 B D:\Compendium-Port\Compendium-Release\Skins\Claret\note.gif --> summit.open.ac.uk /web/ftp/pub/compendium/Skins/Claret note.gif
2004.06.29 11:11 B D:\Compendium-Port\Compendium-Release\Skins\Claret\note_sm.gif --> summit.open.ac.uk /web/ftp/pub/compendium/Skins/Claret note_sm.gif
2004.06.29 11:11 B D:\Compendium-Port\Compendium-Release\Skins\Claret\plus.gif --> summit.open.ac.uk /web/ftp/pub/compendium/Skins/Claret plus.gif
2004.06.29 11:11 B D:\Compendium-Port\Compendium-Release\Skins\Claret\plus_sm.gif --> summit.open.ac.uk /web/ftp/pub/compendium/Skins/Claret plus_sm.gif
2004.06.29 11:11 B D:\Compendium-Port\Compendium-Release\Skins\Claret\position.gif --> summit.open.ac.uk /web/ftp/pub/compendium/Skins/Claret position.gif
2004.06.29 11:11 B D:\Compendium-Port\Compendium-Release\Skins\Claret\position_sm.gif --> summit.open.ac.uk /web/ftp/pub/compendium/Skins/Claret position_sm.gif
2004.06.29 11:11 B D:\Compendium-Port\Compendium-Release\Skins\Claret\reference.gif --> summit.open.ac.uk /web/ftp/pub/compendium/Skins/Claret reference.gif
2004.06.29 11:11 B D:\Compendium-Port\Compendium-Release\Skins\Claret\reference_sm.gif --> summit.open.ac.uk /web/ftp/pub/compendium/Skins/Claret reference_sm.gif
2004.06.29 11:11 B D:\Compendium-Port\Compendium-Release\Skins\Claret\shortcut-to-argument.gif --> summit.open.ac.uk /web/ftp/pub/compendium/Skins/Claret shortcut-to-argument.gif
2004.06.29 11:11 B D:\Compendium-Port\Compendium-Release\Skins\Claret\shortcut-to-argument_sm.gif --> summit.open.ac.uk /web/ftp/pub/compendium/Skins/Claret shortcut-to-argument_sm.gif
2004.06.29 11:11 B D:\Compendium-Port\Compendium-Release\Skins\Claret\shortcut-to-decision.gif --> summit.open.ac.uk /web/ftp/pub/compendium/Skins/Claret shortcut-to-decision.gif
2004.06.29 11:11 B D:\Compendium-Port\Compendium-Release\Skins\Claret\shortcut-to-decision_sm.gif --> summit.open.ac.uk /web/ftp/pub/compendium/Skins/Claret shortcut-to-decision_sm.gif
2004.06.29 11:11 B D:\Compendium-Port\Compendium-Release\Skins\Claret\shortcut-to-issue.gif --> summit.open.ac.uk /web/ftp/pub/compendium/Skins/Claret shortcut-to-issue.gif
2004.06.29 11:11 B D:\Compendium-Port\Compendium-Release\Skins\Claret\shortcut-to-issue_sm.gif --> summit.open.ac.uk /web/ftp/pub/compendium/Skins/Claret shortcut-to-issue_sm.gif
2004.06.29 11:11 B D:\Compendium-Port\Compendium-Release\Skins\Claret\shortcut-to-list.gif --> summit.open.ac.uk /web/ftp/pub/compendium/Skins/Claret shortcut-to-list.gif
2004.06.29 11:11 B D:\Compendium-Port\Compendium-Release\Skins\Claret\shortcut-to-list_sm.gif --> summit.open.ac.uk /web/ftp/pub/compendium/Skins/Claret shortcut-to-list_sm.gif
2004.06.29 11:11 B D:\Compendium-Port\Compendium-Release\Skins\Claret\shortcut-to-map.gif --> summit.open.ac.uk /web/ftp/pub/compendium/Skins/Claret shortcut-to-map.gif
2004.06.29 11:11 B D:\Compendium-Port\Compendium-Release\Skins\Claret\shortcut-to-map_sm.gif --> summit.open.ac.uk /web/ftp/pub/compendium/Skins/Claret shortcut-to-map_sm.gif
2004.06.29 11:11 B D:\Compendium-Port\Compendium-Release\Skins\Claret\shortcut-to-minus.gif --> summit.open.ac.uk /web/ftp/pub/compendium/Skins/Claret shortcut-to-minus.gif
2004.06.29 11:11 B D:\Compendium-Port\Compendium-Release\Skins\Claret\shortcut-to-minus_sm.gif --> summit.open.ac.uk /web/ftp/pub/compendium/Skins/Claret shortcut-to-minus_sm.gif
2004.06.29 11:11 B D:\Compendium-Port\Compendium-Release\Skins\Claret\shortcut-to-note.gif --> summit.open.ac.uk /web/ftp/pub/compendium/Skins/Claret shortcut-to-note.gif
2004.06.29 11:11 B D:\Compendium-Port\Compendium-Release\Skins\Claret\shortcut-to-note_sm.gif --> summit.open.ac.uk /web/ftp/pub/compendium/Skins/Claret shortcut-to-note_sm.gif
2004.06.29 11:11 B D:\Compendium-Port\Compendium-Release\Skins\Claret\shortcut-to-plus.gif --> summit.open.ac.uk /web/ftp/pub/compendium/Skins/Claret shortcut-to-plus.gif
2004.06.29 11:11 B D:\Compendium-Port\Compendium-Release\Skins\Claret\shortcut-to-plus_sm.gif --> summit.open.ac.uk /web/ftp/pub/compendium/Skins/Claret shortcut-to-plus_sm.gif
2004.06.29 11:11 B D:\Compendium-Port\Compendium-Release\Skins\Claret\shortcut-to-position.gif --> summit.open.ac.uk /web/ftp/pub/compendium/Skins/Claret shortcut-to-position.gif
2004.06.29 11:11 B D:\Compendium-Port\Compendium-Release\Skins\Claret\shortcut-to-position_sm.gif --> summit.open.ac.uk /web/ftp/pub/compendium/Skins/Claret shortcut-to-position_sm.gif
2004.06.29 11:11 B D:\Compendium-Port\Compendium-Release\Skins\Claret\shortcut-to-reference.gif --> summit.open.ac.uk /web/ftp/pub/compendium/Skins/Claret shortcut-to-reference.gif
2004.06.29 11:11 B D:\Compendium-Port\Compendium-Release\Skins\Claret\shortcut-to-reference_sm.gif --> summit.open.ac.uk /web/ftp/pub/compendium/Skins/Claret shortcut-to-reference_sm.gif
2004.06.29 11:11 B D:\Compendium-Port\Compendium-Release\Skins\Claret\trashbin.gif --> summit.open.ac.uk /web/ftp/pub/compendium/Skins/Claret trashbin.gif
2004.06.29 11:11 B D:\Compendium-Port\Compendium-Release\Skins\Claret\trashbin_sm.gif --> summit.open.ac.uk /web/ftp/pub/compendium/Skins/Claret trashbin_sm.gif
2004.06.29 11:11 B D:\Compendium-Port\Compendium-Release\Skins\Claret\trashbinfull.gif --> summit.open.ac.uk /web/ftp/pub/compendium/Skins/Claret trashbinfull.gif
2004.06.29 11:11 B D:\Compendium-Port\Compendium-Release\Skins\Claret\trashbinfull_sm.gif --> summit.open.ac.uk /web/ftp/pub/compendium/Skins/Claret trashbinfull_sm.gif
