2004.06.29 11:11 B D:\Compendium-Port\Compendium-Release\Skins\Scribble\argument.gif --> summit.open.ac.uk /web/ftp/pub/compendium/Skins/Scribble argument.gif
2004.06.29 11:11 B D:\Compendium-Port\Compendium-Release\Skins\Scribble\argument_sm.gif --> summit.open.ac.uk /web/ftp/pub/compendium/Skins/Scribble argument_sm.gif
2004.06.29 11:11 B D:\Compendium-Port\Compendium-Release\Skins\Scribble\decision.gif --> summit.open.ac.uk /web/ftp/pub/compendium/Skins/Scribble decision.gif
2004.06.29 11:11 B D:\Compendium-Port\Compendium-Release\Skins\Scribble\decision_sm.gif --> summit.open.ac.uk /web/ftp/pub/compendium/Skins/Scribble decision_sm.gif
2004.06.29 11:11 B D:\Compendium-Port\Compendium-Release\Skins\Scribble\issue.gif --> summit.open.ac.uk /web/ftp/pub/compendium/Skins/Scribble issue.gif
2004.06.29 11:11 B D:\Compendium-Port\Compendium-Release\Skins\Scribble\issue_sm.gif --> summit.open.ac.uk /web/ftp/pub/compendium/Skins/Scribble issue_sm.gif
2004.06.29 11:11 B D:\Compendium-Port\Compendium-Release\Skins\Scribble\list.gif --> summit.open.ac.uk /web/ftp/pub/compendium/Skins/Scribble list.gif
2004.06.29 11:11 B D:\Compendium-Port\Compendium-Release\Skins\Scribble\list_sm.gif --> summit.open.ac.uk /web/ftp/pub/compendium/Skins/Scribble list_sm.gif
2004.06.29 11:11 B D:\Compendium-Port\Compendium-Release\Skins\Scribble\map.gif --> summit.open.ac.uk /web/ftp/pub/compendium/Skins/Scribble map.gif
2004.06.29 11:11 B D:\Compendium-Port\Compendium-Release\Skins\Scribble\map_sm.gif --> summit.open.ac.uk /web/ftp/pub/compendium/Skins/Scribble map_sm.gif
2004.06.29 11:11 B D:\Compendium-Port\Compendium-Release\Skins\Scribble\minus.gif --> summit.open.ac.uk /web/ftp/pub/compendium/Skins/Scribble minus.gif
2004.06.29 11:11 B D:\Compendium-Port\Compendium-Release\Skins\Scribble\minus_sm.gif --> summit.open.ac.uk /web/ftp/pub/compendium/Skins/Scribble minus_sm.gif
2004.06.29 11:11 B D:\Compendium-Port\Compendium-Release\Skins\Scribble\note.gif --> summit.open.ac.uk /web/ftp/pub/compendium/Skins/Scribble note.gif
2004.06.29 11:11 B D:\Compendium-Port\Compendium-Release\Skins\Scribble\note_sm.gif --> summit.open.ac.uk /web/ftp/pub/compendium/Skins/Scribble note_sm.gif
2004.06.29 11:11 B D:\Compendium-Port\Compendium-Release\Skins\Scribble\plus.gif --> summit.open.ac.uk /web/ftp/pub/compendium/Skins/Scribble plus.gif
2004.06.29 11:11 B D:\Compendium-Port\Compendium-Release\Skins\Scribble\plus_sm.gif --> summit.open.ac.uk /web/ftp/pub/compendium/Skins/Scribble plus_sm.gif
2004.06.29 11:11 B D:\Compendium-Port\Compendium-Release\Skins\Scribble\position.gif --> summit.open.ac.uk /web/ftp/pub/compendium/Skins/Scribble position.gif
2004.06.29 11:11 B D:\Compendium-Port\Compendium-Release\Skins\Scribble\position_sm.gif --> summit.open.ac.uk /web/ftp/pub/compendium/Skins/Scribble position_sm.gif
2004.06.29 11:11 B D:\Compendium-Port\Compendium-Release\Skins\Scribble\reference.gif --> summit.open.ac.uk /web/ftp/pub/compendium/Skins/Scribble reference.gif
2004.06.29 11:11 B D:\Compendium-Port\Compendium-Release\Skins\Scribble\reference_sm.gif --> summit.open.ac.uk /web/ftp/pub/compendium/Skins/Scribble reference_sm.gif
2004.06.29 11:11 B D:\Compendium-Port\Compendium-Release\Skins\Scribble\shortcut-to-argument.gif --> summit.open.ac.uk /web/ftp/pub/compendium/Skins/Scribble shortcut-to-argument.gif
2004.06.29 11:11 B D:\Compendium-Port\Compendium-Release\Skins\Scribble\shortcut-to-argument_sm.gif --> summit.open.ac.uk /web/ftp/pub/compendium/Skins/Scribble shortcut-to-argument_sm.gif
2004.06.29 11:11 B D:\Compendium-Port\Compendium-Release\Skins\Scribble\shortcut-to-decision.gif --> summit.open.ac.uk /web/ftp/pub/compendium/Skins/Scribble shortcut-to-decision.gif
2004.06.29 11:11 B D:\Compendium-Port\Compendium-Release\Skins\Scribble\shortcut-to-decision_sm.gif --> summit.open.ac.uk /web/ftp/pub/compendium/Skins/Scribble shortcut-to-decision_sm.gif
2004.06.29 11:11 B D:\Compendium-Port\Compendium-Release\Skins\Scribble\shortcut-to-issue.gif --> summit.open.ac.uk /web/ftp/pub/compendium/Skins/Scribble shortcut-to-issue.gif
2004.06.29 11:11 B D:\Compendium-Port\Compendium-Release\Skins\Scribble\shortcut-to-issue_sm.gif --> summit.open.ac.uk /web/ftp/pub/compendium/Skins/Scribble shortcut-to-issue_sm.gif
2004.06.29 11:11 B D:\Compendium-Port\Compendium-Release\Skins\Scribble\shortcut-to-list.gif --> summit.open.ac.uk /web/ftp/pub/compendium/Skins/Scribble shortcut-to-list.gif
2004.06.29 11:11 B D:\Compendium-Port\Compendium-Release\Skins\Scribble\shortcut-to-list_sm.gif --> summit.open.ac.uk /web/ftp/pub/compendium/Skins/Scribble shortcut-to-list_sm.gif
2004.06.29 11:11 B D:\Compendium-Port\Compendium-Release\Skins\Scribble\shortcut-to-map.gif --> summit.open.ac.uk /web/ftp/pub/compendium/Skins/Scribble shortcut-to-map.gif
2004.06.29 11:11 B D:\Compendium-Port\Compendium-Release\Skins\Scribble\shortcut-to-map_sm.gif --> summit.open.ac.uk /web/ftp/pub/compendium/Skins/Scribble shortcut-to-map_sm.gif
2004.06.29 11:11 B D:\Compendium-Port\Compendium-Release\Skins\Scribble\shortcut-to-minus.gif --> summit.open.ac.uk /web/ftp/pub/compendium/Skins/Scribble shortcut-to-minus.gif
2004.06.29 11:11 B D:\Compendium-Port\Compendium-Release\Skins\Scribble\shortcut-to-minus_sm.gif --> summit.open.ac.uk /web/ftp/pub/compendium/Skins/Scribble shortcut-to-minus_sm.gif
2004.06.29 11:11 B D:\Compendium-Port\Compendium-Release\Skins\Scribble\shortcut-to-note.gif --> summit.open.ac.uk /web/ftp/pub/compendium/Skins/Scribble shortcut-to-note.gif
2004.06.29 11:11 B D:\Compendium-Port\Compendium-Release\Skins\Scribble\shortcut-to-note_sm.gif --> summit.open.ac.uk /web/ftp/pub/compendium/Skins/Scribble shortcut-to-note_sm.gif
2004.06.29 11:11 B D:\Compendium-Port\Compendium-Release\Skins\Scribble\shortcut-to-plus.gif --> summit.open.ac.uk /web/ftp/pub/compendium/Skins/Scribble shortcut-to-plus.gif
2004.06.29 11:11 B D:\Compendium-Port\Compendium-Release\Skins\Scribble\shortcut-to-plus_sm.gif --> summit.open.ac.uk /web/ftp/pub/compendium/Skins/Scribble shortcut-to-plus_sm.gif
2004.06.29 11:11 B D:\Compendium-Port\Compendium-Release\Skins\Scribble\shortcut-to-position.gif --> summit.open.ac.uk /web/ftp/pub/compendium/Skins/Scribble shortcut-to-position.gif
2004.06.29 11:11 B D:\Compendium-Port\Compendium-Release\Skins\Scribble\shortcut-to-position_sm.gif --> summit.open.ac.uk /web/ftp/pub/compendium/Skins/Scribble shortcut-to-position_sm.gif
2004.06.29 11:11 B D:\Compendium-Port\Compendium-Release\Skins\Scribble\shortcut-to-reference.gif --> summit.open.ac.uk /web/ftp/pub/compendium/Skins/Scribble shortcut-to-reference.gif
2004.06.29 11:11 B D:\Compendium-Port\Compendium-Release\Skins\Scribble\shortcut-to-reference_sm.gif --> summit.open.ac.uk /web/ftp/pub/compendium/Skins/Scribble shortcut-to-reference_sm.gif
2004.06.29 11:11 B D:\Compendium-Port\Compendium-Release\Skins\Scribble\trashbin.gif --> summit.open.ac.uk /web/ftp/pub/compendium/Skins/Scribble trashbin.gif
2004.06.29 11:11 B D:\Compendium-Port\Compendium-Release\Skins\Scribble\trashbin_sm.gif --> summit.open.ac.uk /web/ftp/pub/compendium/Skins/Scribble trashbin_sm.gif
2004.06.29 11:11 B D:\Compendium-Port\Compendium-Release\Skins\Scribble\trashbinfull.gif --> summit.open.ac.uk /web/ftp/pub/compendium/Skins/Scribble trashbinfull.gif
2004.06.29 11:11 B D:\Compendium-Port\Compendium-Release\Skins\Scribble\trashbinfull_sm.gif --> summit.open.ac.uk /web/ftp/pub/compendium/Skins/Scribble trashbinfull_sm.gif
