2004.06.29 11:11 B D:\Compendium-Port\Compendium-Release\Skins\Default\argument.gif --> summit.open.ac.uk /web/ftp/pub/compendium/Skins/Default argument.gif
2004.06.29 11:11 B D:\Compendium-Port\Compendium-Release\Skins\Default\argument_sm.gif --> summit.open.ac.uk /web/ftp/pub/compendium/Skins/Default argument_sm.gif
2004.06.29 11:11 B D:\Compendium-Port\Compendium-Release\Skins\Default\decision.gif --> summit.open.ac.uk /web/ftp/pub/compendium/Skins/Default decision.gif
2004.06.29 11:11 B D:\Compendium-Port\Compendium-Release\Skins\Default\decision_sm.gif --> summit.open.ac.uk /web/ftp/pub/compendium/Skins/Default decision_sm.gif
2004.06.29 11:11 B D:\Compendium-Port\Compendium-Release\Skins\Default\issue.gif --> summit.open.ac.uk /web/ftp/pub/compendium/Skins/Default issue.gif
2004.06.29 11:11 B D:\Compendium-Port\Compendium-Release\Skins\Default\issue_sm.gif --> summit.open.ac.uk /web/ftp/pub/compendium/Skins/Default issue_sm.gif
2004.06.29 11:11 B D:\Compendium-Port\Compendium-Release\Skins\Default\list.gif --> summit.open.ac.uk /web/ftp/pub/compendium/Skins/Default list.gif
2004.06.29 11:11 B D:\Compendium-Port\Compendium-Release\Skins\Default\list_sm.gif --> summit.open.ac.uk /web/ftp/pub/compendium/Skins/Default list_sm.gif
2004.06.29 11:11 B D:\Compendium-Port\Compendium-Release\Skins\Default\map.gif --> summit.open.ac.uk /web/ftp/pub/compendium/Skins/Default map.gif
2004.06.29 11:11 B D:\Compendium-Port\Compendium-Release\Skins\Default\map_sm.gif --> summit.open.ac.uk /web/ftp/pub/compendium/Skins/Default map_sm.gif
2004.06.29 11:11 B D:\Compendium-Port\Compendium-Release\Skins\Default\minus.gif --> summit.open.ac.uk /web/ftp/pub/compendium/Skins/Default minus.gif
2004.06.29 11:11 B D:\Compendium-Port\Compendium-Release\Skins\Default\minus_sm.gif --> summit.open.ac.uk /web/ftp/pub/compendium/Skins/Default minus_sm.gif
2004.06.29 11:11 B D:\Compendium-Port\Compendium-Release\Skins\Default\note.gif --> summit.open.ac.uk /web/ftp/pub/compendium/Skins/Default note.gif
2004.06.29 11:11 B D:\Compendium-Port\Compendium-Release\Skins\Default\note_sm.gif --> summit.open.ac.uk /web/ftp/pub/compendium/Skins/Default note_sm.gif
2004.06.29 11:11 B D:\Compendium-Port\Compendium-Release\Skins\Default\plus.gif --> summit.open.ac.uk /web/ftp/pub/compendium/Skins/Default plus.gif
2004.06.29 11:11 B D:\Compendium-Port\Compendium-Release\Skins\Default\plus_sm.gif --> summit.open.ac.uk /web/ftp/pub/compendium/Skins/Default plus_sm.gif
2004.06.29 11:11 B D:\Compendium-Port\Compendium-Release\Skins\Default\position.gif --> summit.open.ac.uk /web/ftp/pub/compendium/Skins/Default position.gif
2004.06.29 11:11 B D:\Compendium-Port\Compendium-Release\Skins\Default\position_sm.gif --> summit.open.ac.uk /web/ftp/pub/compendium/Skins/Default position_sm.gif
2004.06.29 11:11 B D:\Compendium-Port\Compendium-Release\Skins\Default\reference.gif --> summit.open.ac.uk /web/ftp/pub/compendium/Skins/Default reference.gif
2004.06.29 11:11 B D:\Compendium-Port\Compendium-Release\Skins\Default\reference_sm.gif --> summit.open.ac.uk /web/ftp/pub/compendium/Skins/Default reference_sm.gif
2004.06.29 11:11 B D:\Compendium-Port\Compendium-Release\Skins\Default\shortcut-to-argument.gif --> summit.open.ac.uk /web/ftp/pub/compendium/Skins/Default shortcut-to-argument.gif
2004.06.29 11:11 B D:\Compendium-Port\Compendium-Release\Skins\Default\shortcut-to-argument_sm.gif --> summit.open.ac.uk /web/ftp/pub/compendium/Skins/Default shortcut-to-argument_sm.gif
2004.06.29 11:11 B D:\Compendium-Port\Compendium-Release\Skins\Default\shortcut-to-decision.gif --> summit.open.ac.uk /web/ftp/pub/compendium/Skins/Default shortcut-to-decision.gif
2004.06.29 11:11 B D:\Compendium-Port\Compendium-Release\Skins\Default\shortcut-to-decision_sm.gif --> summit.open.ac.uk /web/ftp/pub/compendium/Skins/Default shortcut-to-decision_sm.gif
2004.06.29 11:11 B D:\Compendium-Port\Compendium-Release\Skins\Default\shortcut-to-issue.gif --> summit.open.ac.uk /web/ftp/pub/compendium/Skins/Default shortcut-to-issue.gif
2004.06.29 11:11 B D:\Compendium-Port\Compendium-Release\Skins\Default\shortcut-to-issue_sm.gif --> summit.open.ac.uk /web/ftp/pub/compendium/Skins/Default shortcut-to-issue_sm.gif
2004.06.29 11:11 B D:\Compendium-Port\Compendium-Release\Skins\Default\shortcut-to-list.gif --> summit.open.ac.uk /web/ftp/pub/compendium/Skins/Default shortcut-to-list.gif
2004.06.29 11:11 B D:\Compendium-Port\Compendium-Release\Skins\Default\shortcut-to-list_sm.gif --> summit.open.ac.uk /web/ftp/pub/compendium/Skins/Default shortcut-to-list_sm.gif
2004.06.29 11:11 B D:\Compendium-Port\Compendium-Release\Skins\Default\shortcut-to-map.gif --> summit.open.ac.uk /web/ftp/pub/compendium/Skins/Default shortcut-to-map.gif
2004.06.29 11:11 B D:\Compendium-Port\Compendium-Release\Skins\Default\shortcut-to-map_sm.gif --> summit.open.ac.uk /web/ftp/pub/compendium/Skins/Default shortcut-to-map_sm.gif
2004.06.29 11:11 B D:\Compendium-Port\Compendium-Release\Skins\Default\shortcut-to-minus.gif --> summit.open.ac.uk /web/ftp/pub/compendium/Skins/Default shortcut-to-minus.gif
2004.06.29 11:11 B D:\Compendium-Port\Compendium-Release\Skins\Default\shortcut-to-minus_sm.gif --> summit.open.ac.uk /web/ftp/pub/compendium/Skins/Default shortcut-to-minus_sm.gif
2004.06.29 11:11 B D:\Compendium-Port\Compendium-Release\Skins\Default\shortcut-to-note.gif --> summit.open.ac.uk /web/ftp/pub/compendium/Skins/Default shortcut-to-note.gif
2004.06.29 11:11 B D:\Compendium-Port\Compendium-Release\Skins\Default\shortcut-to-note_sm.gif --> summit.open.ac.uk /web/ftp/pub/compendium/Skins/Default shortcut-to-note_sm.gif
2004.06.29 11:11 B D:\Compendium-Port\Compendium-Release\Skins\Default\shortcut-to-plus.gif --> summit.open.ac.uk /web/ftp/pub/compendium/Skins/Default shortcut-to-plus.gif
2004.06.29 11:11 B D:\Compendium-Port\Compendium-Release\Skins\Default\shortcut-to-plus_sm.gif --> summit.open.ac.uk /web/ftp/pub/compendium/Skins/Default shortcut-to-plus_sm.gif
2004.06.29 11:11 B D:\Compendium-Port\Compendium-Release\Skins\Default\shortcut-to-position.gif --> summit.open.ac.uk /web/ftp/pub/compendium/Skins/Default shortcut-to-position.gif
2004.06.29 11:11 B D:\Compendium-Port\Compendium-Release\Skins\Default\shortcut-to-position_sm.gif --> summit.open.ac.uk /web/ftp/pub/compendium/Skins/Default shortcut-to-position_sm.gif
2004.06.29 11:11 B D:\Compendium-Port\Compendium-Release\Skins\Default\shortcut-to-reference.gif --> summit.open.ac.uk /web/ftp/pub/compendium/Skins/Default shortcut-to-reference.gif
2004.06.29 11:11 B D:\Compendium-Port\Compendium-Release\Skins\Default\shortcut-to-reference_sm.gif --> summit.open.ac.uk /web/ftp/pub/compendium/Skins/Default shortcut-to-reference_sm.gif
2004.06.29 11:11 B D:\Compendium-Port\Compendium-Release\Skins\Default\trashbin.gif --> summit.open.ac.uk /web/ftp/pub/compendium/Skins/Default trashbin.gif
2004.06.29 11:11 B D:\Compendium-Port\Compendium-Release\Skins\Default\trashbin_sm.gif --> summit.open.ac.uk /web/ftp/pub/compendium/Skins/Default trashbin_sm.gif
2004.06.29 11:11 B D:\Compendium-Port\Compendium-Release\Skins\Default\trashbinfull.gif --> summit.open.ac.uk /web/ftp/pub/compendium/Skins/Default trashbinfull.gif
2004.06.29 11:11 B D:\Compendium-Port\Compendium-Release\Skins\Default\trashbinfull_sm.gif --> summit.open.ac.uk /web/ftp/pub/compendium/Skins/Default trashbinfull_sm.gif
